{"F:\\учеба\\vite-project\\src\\entities\\Counter\\model\\selectors\\getCounter\\getCounter.ts": {"path":"F:\\учеба\\vite-project\\src\\entities\\Counter\\model\\selectors\\getCounter\\getCounter.ts","all":false,"statementMap":{"0":{"start":{"line":1,"column":0},"end":{"line":1,"column":59}},"1":{"start":{"line":2,"column":0},"end":{"line":2,"column":0}},"2":{"start":{"line":3,"column":0},"end":{"line":3,"column":63}}},"s":{"0":1,"1":1,"2":1},"branchMap":{"0":{"type":"branch","line":3,"loc":{"start":{"line":3,"column":26},"end":{"line":3,"column":63}},"locations":[{"start":{"line":3,"column":26},"end":{"line":3,"column":63}}]}},"b":{"0":[1]},"fnMap":{"0":{"name":"getCounter","decl":{"start":{"line":3,"column":26},"end":{"line":3,"column":63}},"loc":{"start":{"line":3,"column":26},"end":{"line":3,"column":63}},"line":3}},"f":{"0":1}}
}
