TN:
SF:src\app\providers\StoreProvider\index.ts
FNF:0
FNH:0
DA:1,1
DA:2,1
DA:3,1
DA:4,1
DA:5,1
LF:5
LH:5
BRF:0
BRH:0
end_of_record
TN:
SF:src\app\providers\StoreProvider\config\store.ts
FN:5,createReduxStore
FNF:1
FNH:1
FNDA:3,createReduxStore
DA:1,1
DA:2,1
DA:3,1
DA:4,1
DA:5,3
DA:6,3
DA:7,3
DA:8,3
DA:9,3
DA:10,3
DA:11,3
DA:12,3
DA:13,3
DA:14,1
DA:15,1
DA:16,1
LF:16
LH:16
BRDA:5,0,0,3
BRF:1
BRH:1
end_of_record
TN:
SF:src\app\providers\StoreProvider\ui\StoreProvider.tsx
FN:11,StoreProvider
FNF:1
FNH:1
FNDA:3,StoreProvider
DA:1,1
DA:2,1
DA:3,1
DA:4,1
DA:5,1
DA:6,1
DA:7,1
DA:8,1
DA:9,1
DA:10,1
DA:11,3
DA:12,3
DA:13,3
DA:14,3
DA:15,3
DA:16,3
DA:17,3
DA:18,3
DA:19,3
DA:20,3
LF:20
LH:20
BRDA:11,0,0,3
BRF:1
BRH:1
end_of_record
TN:
SF:src\app\providers\ThemeProvider\lib\ThemeContext.ts
FN:16,setTheme
FNF:1
FNH:0
FNDA:0,setTheme
DA:1,1
DA:2,1
DA:3,2
DA:4,2
DA:5,2
DA:6,2
DA:7,1
DA:8,1
DA:9,1
DA:10,1
DA:11,1
DA:12,1
DA:13,1
DA:14,1
DA:15,1
DA:16,1
DA:17,1
DA:18,1
DA:19,1
LF:19
LH:19
BRDA:3,0,0,2
BRF:1
BRH:1
end_of_record
TN:
SF:src\entities\Counter\index.ts
FN:5,get
FNF:1
FNH:1
FNDA:3,get
DA:1,1
DA:2,1
DA:3,1
DA:4,1
DA:5,1
LF:5
LH:5
BRDA:5,0,0,3
BRF:1
BRH:1
end_of_record
TN:
SF:src\entities\Counter\model\selectors\GetCounterValue\GetCounterValue.ts
FNF:0
FNH:0
DA:1,1
DA:2,1
DA:3,1
DA:4,1
DA:5,1
LF:5
LH:5
BRDA:5,0,0,4
BRF:1
BRH:1
end_of_record
TN:
SF:src\entities\Counter\model\selectors\getCounter\getCounter.ts
FN:3,getCounter
FNF:1
FNH:1
FNDA:7,getCounter
DA:1,1
DA:2,1
DA:3,1
LF:3
LH:3
BRDA:3,0,0,7
BRF:1
BRH:1
end_of_record
TN:
SF:src\entities\Counter\model\slice\counterSlice.ts
FN:12,increment
FN:15,decrement
FNF:2
FNH:2
FNDA:2,increment
FNDA:2,decrement
DA:1,1
DA:2,1
DA:3,1
DA:4,1
DA:5,1
DA:6,1
DA:7,1
DA:8,1
DA:9,1
DA:10,1
DA:11,1
DA:12,1
DA:13,2
DA:14,1
DA:15,1
DA:16,2
DA:17,1
DA:18,1
DA:19,1
DA:20,1
DA:21,1
DA:22,1
LF:22
LH:22
BRDA:12,0,0,2
BRDA:15,1,0,2
BRF:2
BRH:2
end_of_record
TN:
SF:src\entities\Counter\ui\Counter.tsx
FN:12,Counter
FN:16,increment
FN:20,decrement
FNF:3
FNH:1
FNDA:3,Counter
FNDA:0,increment
FNDA:0,decrement
DA:1,1
DA:2,1
DA:3,1
DA:4,1
DA:5,1
DA:6,1
DA:7,1
DA:8,1
DA:9,1
DA:10,1
DA:11,1
DA:12,3
DA:13,3
DA:14,3
DA:15,3
DA:16,3
DA:17,0
DA:18,0
DA:19,3
DA:20,3
DA:21,0
DA:22,0
DA:23,3
DA:24,3
DA:25,3
DA:26,3
DA:27,3
DA:28,3
DA:29,3
DA:30,3
DA:31,3
LF:31
LH:27
BRDA:12,0,0,3
BRF:1
BRH:1
end_of_record
TN:
SF:src\shared\config\i18n\i18nForTests.ts
FNF:0
FNH:0
DA:1,1
DA:2,1
DA:3,1
DA:4,1
DA:5,1
DA:6,1
DA:7,1
DA:8,1
DA:9,1
DA:10,1
DA:11,1
DA:12,1
DA:13,1
DA:14,1
DA:15,1
DA:16,1
DA:17,1
DA:18,1
DA:19,1
DA:20,1
DA:21,1
DA:22,1
LF:22
LH:22
BRF:0
BRH:0
end_of_record
TN:
SF:src\shared\lib\helpers\classNames.ts
FN:3,classNames
FNF:1
FNH:1
FNDA:17,classNames
DA:1,1
DA:2,1
DA:3,17
DA:4,17
DA:5,17
DA:6,17
DA:7,17
DA:8,17
DA:9,17
DA:10,17
DA:11,17
LF:11
LH:11
BRDA:3,0,0,17
BRDA:7,1,0,14
BRDA:8,2,0,11
BRF:3
BRH:3
end_of_record
TN:
SF:src\shared\lib\hooks\useTheme.ts
FN:9,useTheme
FN:12,toggleTheme
FNF:2
FNH:1
FNDA:10,useTheme
FNDA:0,toggleTheme
DA:1,1
DA:2,1
DA:3,1
DA:4,1
DA:5,1
DA:6,1
DA:7,1
DA:8,1
DA:9,10
DA:10,10
DA:11,10
DA:12,10
DA:13,0
DA:14,0
DA:15,0
DA:16,0
DA:17,10
DA:18,10
DA:19,10
DA:20,10
DA:21,10
DA:22,10
LF:22
LH:18
BRDA:9,0,0,10
BRF:1
BRH:1
end_of_record
TN:
SF:src\shared\lib\tests\ComponentRender\ComponentRender.tsx
FN:13,ComponentRender
FNF:1
FNH:1
FNDA:3,ComponentRender
DA:1,1
DA:2,1
DA:3,1
DA:4,1
DA:5,1
DA:6,1
DA:7,1
DA:8,1
DA:9,1
DA:10,1
DA:11,1
DA:12,1
DA:13,3
DA:14,3
DA:15,3
DA:16,3
DA:17,3
DA:18,3
DA:19,3
DA:20,3
DA:21,3
DA:22,3
DA:23,3
DA:24,3
DA:25,3
DA:26,3
DA:27,3
DA:28,3
LF:28
LH:28
BRDA:13,0,0,3
BRF:1
BRH:1
end_of_record
TN:
SF:src\shared\ui\Btn\Btn.tsx
FN:6,Btn
FN:10,onClick
FN:29,onClick
FNF:3
FNH:2
FNDA:10,Btn
FNDA:0,onClick
FNDA:2,onClick
DA:1,1
DA:2,1
DA:3,1
DA:4,1
DA:5,1
DA:6,1
DA:7,10
DA:8,10
DA:9,10
DA:10,10
DA:11,10
DA:12,10
DA:13,10
DA:14,10
DA:15,10
DA:16,10
DA:17,10
DA:18,10
DA:19,10
DA:20,10
DA:21,10
DA:22,10
DA:23,10
DA:24,10
DA:25,10
DA:26,10
DA:27,10
DA:28,10
DA:29,10
DA:30,10
DA:31,10
DA:32,10
DA:33,10
DA:34,10
DA:35,10
DA:36,1
DA:37,1
LF:37
LH:37
BRDA:6,0,0,10
BRDA:24,1,0,0
BRDA:29,2,0,2
BRF:3
BRH:2
end_of_record
TN:
SF:src\widgets\SideBar\ui\Sidebar\Sidebar.tsx
FN:10,Sidebar
FN:13,onToggle
FNF:2
FNH:2
FNDA:4,Sidebar
FNDA:2,onToggle
DA:1,1
DA:2,1
DA:3,1
DA:4,1
DA:5,1
DA:6,1
DA:7,1
DA:8,1
DA:9,1
DA:10,4
DA:11,4
DA:12,4
DA:13,4
DA:14,2
DA:15,2
DA:16,4
DA:17,4
DA:18,4
DA:19,4
DA:20,4
DA:21,4
DA:22,4
LF:22
LH:22
BRDA:10,0,0,4
BRDA:13,1,0,2
BRDA:14,2,0,2
BRF:3
BRH:3
end_of_record
